fanXin20/build/outputs/logs/manifest-merger-debug-report.txt
-- Merging decision tree log ---
manifest
ADDED from src\main\AndroidManifest.xml:2:1-440:12
	package
		ADDED from src\main\AndroidManifest.xml:3:5-29
		INJECTED from src\main\AndroidManifest.xml
		INJECTED from src\main\AndroidManifest.xml
	android:versionName
		ADDED from src\main\AndroidManifest.xml:5:5-32
		INJECTED from src\main\AndroidManifest.xml
		INJECTED from src\main\AndroidManifest.xml
	android:versionCode
		ADDED from src\main\AndroidManifest.xml:4:5-29
		INJECTED from src\main\AndroidManifest.xml
		INJECTED from src\main\AndroidManifest.xml
	xmlns:android
		ADDED from src\main\AndroidManifest.xml:2:11-69
uses-sdk
ADDED from src\main\AndroidManifest.xml:7:5-9:41
MERGED from [FanXin2.0:frescoLib:unspecified] AndroidManifest.xml:5:5-7:41
MERGED from [FanXin2.0:library:unspecified] AndroidManifest.xml:7:5-9:40
	android:targetSdkVersion
		ADDED from src\main\AndroidManifest.xml:9:9-38
		INJECTED from src\main\AndroidManifest.xml
		INJECTED from src\main\AndroidManifest.xml
	android:minSdkVersion
		ADDED from src\main\AndroidManifest.xml:8:9-35
		INJECTED from src\main\AndroidManifest.xml
		INJECTED from src\main\AndroidManifest.xml
uses-permission#android.permission.VIBRATE
ADDED from src\main\AndroidManifest.xml:11:5-66
	android:name
		ADDED from src\main\AndroidManifest.xml:11:22-63
uses-permission#android.permission.INTERNET
ADDED from src\main\AndroidManifest.xml:12:5-67
	android:name
		ADDED from src\main\AndroidManifest.xml:12:22-64
uses-permission#android.permission.RECORD_AUDIO
ADDED from src\main\AndroidManifest.xml:13:5-71
	android:name
		ADDED from src\main\AndroidManifest.xml:13:22-68
uses-permission#android.permission.CAMERA
ADDED from src\main\AndroidManifest.xml:14:5-65
	android:name
		ADDED from src\main\AndroidManifest.xml:14:22-62
uses-permission#android.permission.ACCESS_NETWORK_STATE
ADDED from src\main\AndroidManifest.xml:15:5-79
	android:name
		ADDED from src\main\AndroidManifest.xml:15:22-76
uses-permission#android.permission.ACCESS_MOCK_LOCATION
ADDED from src\main\AndroidManifest.xml:16:5-79
	android:name
		ADDED from src\main\AndroidManifest.xml:16:22-76
uses-permission#android.permission.WRITE_EXTERNAL_STORAGE
ADDED from src\main\AndroidManifest.xml:17:5-81
	android:name
		ADDED from src\main\AndroidManifest.xml:17:22-78
uses-permission#android.permission.MOUNT_UNMOUNT_FILESYSTEMS
ADDED from src\main\AndroidManifest.xml:18:5-84
	android:name
		ADDED from src\main\AndroidManifest.xml:18:22-81
uses-permission#android.permission.ACCESS_FINE_LOCATION
ADDED from src\main\AndroidManifest.xml:19:5-79
	android:name
		ADDED from src\main\AndroidManifest.xml:19:22-76
uses-permission#android.permission.GET_TASKS
ADDED from src\main\AndroidManifest.xml:20:5-68
	android:name
		ADDED from src\main\AndroidManifest.xml:20:22-65
uses-permission#android.permission.ACCESS_WIFI_STATE
ADDED from src\main\AndroidManifest.xml:21:5-76
	android:name
		ADDED from src\main\AndroidManifest.xml:21:22-73
uses-permission#android.permission.CHANGE_WIFI_STATE
ADDED from src\main\AndroidManifest.xml:22:5-76
	android:name
		ADDED from src\main\AndroidManifest.xml:22:22-73
uses-permission#android.permission.WAKE_LOCK
ADDED from src\main\AndroidManifest.xml:23:5-68
	android:name
		ADDED from src\main\AndroidManifest.xml:23:22-65
uses-permission#android.permission.MODIFY_AUDIO_SETTINGS
ADDED from src\main\AndroidManifest.xml:24:5-80
	android:name
		ADDED from src\main\AndroidManifest.xml:24:22-77
uses-permission#android.permission.READ_PHONE_STATE
ADDED from src\main\AndroidManifest.xml:25:5-75
	android:name
		ADDED from src\main\AndroidManifest.xml:25:22-72
uses-permission#android.permission.RECEIVE_BOOT_COMPLETED
ADDED from src\main\AndroidManifest.xml:26:5-81
	android:name
		ADDED from src\main\AndroidManifest.xml:26:22-78
uses-permission#android.permission.GET_ACCOUNTS
ADDED from src\main\AndroidManifest.xml:27:5-71
	android:name
		ADDED from src\main\AndroidManifest.xml:27:22-68
uses-permission#android.permission.USE_CREDENTIALS
ADDED from src\main\AndroidManifest.xml:28:5-74
	android:name
		ADDED from src\main\AndroidManifest.xml:28:22-71
uses-permission#android.permission.MANAGE_ACCOUNTS
ADDED from src\main\AndroidManifest.xml:29:5-74
	android:name
		ADDED from src\main\AndroidManifest.xml:29:22-71
uses-permission#android.permission.AUTHENTICATE_ACCOUNTS
ADDED from src\main\AndroidManifest.xml:30:5-80
	android:name
		ADDED from src\main\AndroidManifest.xml:30:22-77
uses-permission#com.android.launcher.permission.READ_SETTINGS
ADDED from src\main\AndroidManifest.xml:31:5-85
	android:name
		ADDED from src\main\AndroidManifest.xml:31:22-82
uses-permission#android.permission.BROADCAST_STICKY
ADDED from src\main\AndroidManifest.xml:32:5-75
	android:name
		ADDED from src\main\AndroidManifest.xml:32:22-72
uses-permission#android.permission.WRITE_SETTINGS
ADDED from src\main\AndroidManifest.xml:33:5-73
	android:name
		ADDED from src\main\AndroidManifest.xml:33:22-70
uses-permission#android.permission.ACCESS_COARSE_LOCATION
ADDED from src\main\AndroidManifest.xml:36:5-37:23
	android:name
		ADDED from src\main\AndroidManifest.xml:36:22-78
uses-permission#android.permission.READ_LOGS
ADDED from src\main\AndroidManifest.xml:62:5-63:23
	android:name
		ADDED from src\main\AndroidManifest.xml:62:22-65
application
ADDED from src\main\AndroidManifest.xml:65:5-438:19
MERGED from [FanXin2.0:library:unspecified] AndroidManifest.xml:11:5-20
	android:label
		ADDED from src\main\AndroidManifest.xml:69:9-41
	android:allowBackup
		ADDED from src\main\AndroidManifest.xml:67:9-35
	android:icon
		ADDED from src\main\AndroidManifest.xml:68:9-45
	android:name
		ADDED from src\main\AndroidManifest.xml:66:9-37
activity#com.fanxin.app.fx.MainActivity
ADDED from src\main\AndroidManifest.xml:70:9-76:20
	android:screenOrientation
		ADDED from src\main\AndroidManifest.xml:73:13-49
	android:launchMode
		ADDED from src\main\AndroidManifest.xml:72:13-44
	android:windowSoftInputMode
		ADDED from src\main\AndroidManifest.xml:75:13-52
	android:theme
		ADDED from src\main\AndroidManifest.xml:74:13-52
	android:name
		ADDED from src\main\AndroidManifest.xml:71:13-58
activity#com.fanxin.app.activity.SplashActivity
ADDED from src\main\AndroidManifest.xml:79:9-88:20
	android:screenOrientation
		ADDED from src\main\AndroidManifest.xml:81:13-49
	android:theme
		ADDED from src\main\AndroidManifest.xml:82:13-52
	android:name
		ADDED from src\main\AndroidManifest.xml:80:13-52
intent-filter#android.intent.action.MAIN+android.intent.category.LAUNCHER
ADDED from src\main\AndroidManifest.xml:83:13-87:29
action#android.intent.action.MAIN
ADDED from src\main\AndroidManifest.xml:84:17-69
	android:name
		ADDED from src\main\AndroidManifest.xml:84:25-66
category#android.intent.category.LAUNCHER
ADDED from src\main\AndroidManifest.xml:86:17-77
	android:name
		ADDED from src\main\AndroidManifest.xml:86:27-74
activity#com.fanxin.app.fx.LoginActivity
ADDED from src\main\AndroidManifest.xml:91:9-95:20
	android:screenOrientation
		ADDED from src\main\AndroidManifest.xml:93:13-49
	android:theme
		ADDED from src\main\AndroidManifest.xml:94:13-52
	android:name
		ADDED from src\main\AndroidManifest.xml:92:13-59
activity#com.fanxin.app.fx.RegisterActivity
ADDED from src\main\AndroidManifest.xml:98:9-102:20
	android:screenOrientation
		ADDED from src\main\AndroidManifest.xml:100:13-49
	android:theme
		ADDED from src\main\AndroidManifest.xml:101:13-52
	android:name
		ADDED from src\main\AndroidManifest.xml:99:13-62
activity#com.fanxin.app.fx.ChatActivity
ADDED from src\main\AndroidManifest.xml:104:9-110:20
	android:screenOrientation
		ADDED from src\main\AndroidManifest.xml:107:13-49
	android:launchMode
		ADDED from src\main\AndroidManifest.xml:106:13-43
	android:windowSoftInputMode
		ADDED from src\main\AndroidManifest.xml:109:13-55
	android:theme
		ADDED from src\main\AndroidManifest.xml:108:13-52
	android:name
		ADDED from src\main\AndroidManifest.xml:105:13-58
activity#com.fanxin.app.activity.BaiduMapActivity
ADDED from src\main\AndroidManifest.xml:113:9-117:20
	android:screenOrientation
		ADDED from src\main\AndroidManifest.xml:115:13-49
	android:theme
		ADDED from src\main\AndroidManifest.xml:116:13-52
	android:name
		ADDED from src\main\AndroidManifest.xml:114:13-54
activity#com.fanxin.app.activity.ShowBigImage
ADDED from src\main\AndroidManifest.xml:120:9-124:20
	android:screenOrientation
		ADDED from src\main\AndroidManifest.xml:122:13-49
	android:theme
		ADDED from src\main\AndroidManifest.xml:123:13-52
	android:name
		ADDED from src\main\AndroidManifest.xml:121:13-50
activity#com.fanxin.app.activity.ShowNormalFileActivity
ADDED from src\main\AndroidManifest.xml:126:9-130:20
	android:screenOrientation
		ADDED from src\main\AndroidManifest.xml:128:13-49
	android:theme
		ADDED from src\main\AndroidManifest.xml:129:13-52
	android:name
		ADDED from src\main\AndroidManifest.xml:127:13-60
activity#com.fanxin.app.activity.VoiceCallActivity
ADDED from src\main\AndroidManifest.xml:135:9-139:20
	android:screenOrientation
		ADDED from src\main\AndroidManifest.xml:137:13-49
	android:theme
		ADDED from src\main\AndroidManifest.xml:138:13-48
	android:name
		ADDED from src\main\AndroidManifest.xml:136:13-55
activity#com.fanxin.app.activity.ShowVideoActivity
ADDED from src\main\AndroidManifest.xml:140:9-145:20
	android:screenOrientation
		ADDED from src\main\AndroidManifest.xml:142:13-49
	android:windowSoftInputMode
		ADDED from src\main\AndroidManifest.xml:144:13-60
	android:theme
		ADDED from src\main\AndroidManifest.xml:143:13-52
	android:name
		ADDED from src\main\AndroidManifest.xml:141:13-55
activity#com.fanxin.app.activity.ImageGridActivity
ADDED from src\main\AndroidManifest.xml:156:9-161:20
	android:screenOrientation
		ADDED from src\main\AndroidManifest.xml:158:13-49
	android:windowSoftInputMode
		ADDED from src\main\AndroidManifest.xml:160:13-60
	android:theme
		ADDED from src\main\AndroidManifest.xml:159:13-52
	android:name
		ADDED from src\main\AndroidManifest.xml:157:13-55
activity#com.fanxin.app.activity.FXAlertDialog
ADDED from src\main\AndroidManifest.xml:162:9-167:20
	android:screenOrientation
		ADDED from src\main\AndroidManifest.xml:164:13-49
	android:windowSoftInputMode
		ADDED from src\main\AndroidManifest.xml:166:13-60
	android:theme
		ADDED from src\main\AndroidManifest.xml:165:13-52
	android:name
		ADDED from src\main\AndroidManifest.xml:163:13-51
activity#com.fanxin.app.activity.RecorderVideoActivity
ADDED from src\main\AndroidManifest.xml:168:9-173:20
	android:screenOrientation
		ADDED from src\main\AndroidManifest.xml:170:13-49
	android:windowSoftInputMode
		ADDED from src\main\AndroidManifest.xml:172:13-60
	android:theme
		ADDED from src\main\AndroidManifest.xml:171:13-52
	android:name
		ADDED from src\main\AndroidManifest.xml:169:13-59
activity#com.fanxin.app.activity.DiagnoseActivity
ADDED from src\main\AndroidManifest.xml:175:9-180:20
	android:screenOrientation
		ADDED from src\main\AndroidManifest.xml:177:13-49
	android:windowSoftInputMode
		ADDED from src\main\AndroidManifest.xml:179:13-60
	android:theme
		ADDED from src\main\AndroidManifest.xml:178:13-52
	android:name
		ADDED from src\main\AndroidManifest.xml:176:13-54
activity#com.fanxin.app.fx.FriendDetailActivity
ADDED from src\main\AndroidManifest.xml:181:9-186:20
	android:screenOrientation
		ADDED from src\main\AndroidManifest.xml:183:13-49
	android:windowSoftInputMode
		ADDED from src\main\AndroidManifest.xml:185:13-60
	android:theme
		ADDED from src\main\AndroidManifest.xml:184:13-52
	android:name
		ADDED from src\main\AndroidManifest.xml:182:13-66
activity#com.fanxin.app.fx.ChatRoomSettingActivity
ADDED from src\main\AndroidManifest.xml:187:9-192:20
	android:screenOrientation
		ADDED from src\main\AndroidManifest.xml:189:13-49
	android:windowSoftInputMode
		ADDED from src\main\AndroidManifest.xml:191:13-60
	android:theme
		ADDED from src\main\AndroidManifest.xml:190:13-52
	android:name
		ADDED from src\main\AndroidManifest.xml:188:13-69
activity#com.fanxin.app.fx.ChatSingleSettingActivity
ADDED from src\main\AndroidManifest.xml:193:9-198:20
	android:screenOrientation
		ADDED from src\main\AndroidManifest.xml:195:13-49
	android:windowSoftInputMode
		ADDED from src\main\AndroidManifest.xml:197:13-60
	android:theme
		ADDED from src\main\AndroidManifest.xml:196:13-52
	android:name
		ADDED from src\main\AndroidManifest.xml:194:13-71
activity#com.fanxin.app.fx.AddFriendsOneActivity
ADDED from src\main\AndroidManifest.xml:199:9-204:20
	android:screenOrientation
		ADDED from src\main\AndroidManifest.xml:201:13-49
	android:windowSoftInputMode
		ADDED from src\main\AndroidManifest.xml:203:13-52
	android:theme
		ADDED from src\main\AndroidManifest.xml:202:13-52
	android:name
		ADDED from src\main\AndroidManifest.xml:200:13-67
activity#com.fanxin.app.fx.AddFriendsTwoActivity
ADDED from src\main\AndroidManifest.xml:205:9-210:20
	android:screenOrientation
		ADDED from src\main\AndroidManifest.xml:207:13-49
	android:windowSoftInputMode
		ADDED from src\main\AndroidManifest.xml:209:13-52
	android:theme
		ADDED from src\main\AndroidManifest.xml:208:13-52
	android:name
		ADDED from src\main\AndroidManifest.xml:206:13-67
activity#com.fanxin.app.fx.MyUserInfoActivity
ADDED from src\main\AndroidManifest.xml:211:9-216:20
	android:screenOrientation
		ADDED from src\main\AndroidManifest.xml:213:13-49
	android:windowSoftInputMode
		ADDED from src\main\AndroidManifest.xml:215:13-52
	android:theme
		ADDED from src\main\AndroidManifest.xml:214:13-52
	android:name
		ADDED from src\main\AndroidManifest.xml:212:13-64
activity#com.fanxin.app.fx.UserInfoActivity
ADDED from src\main\AndroidManifest.xml:217:9-222:20
	android:screenOrientation
		ADDED from src\main\AndroidManifest.xml:219:13-49
	android:windowSoftInputMode
		ADDED from src\main\AndroidManifest.xml:221:13-52
	android:theme
		ADDED from src\main\AndroidManifest.xml:220:13-52
	android:name
		ADDED from src\main\AndroidManifest.xml:218:13-62
activity#com.fanxin.app.fx.AddFriendsFinalActivity
ADDED from src\main\AndroidManifest.xml:223:9-228:20
	android:screenOrientation
		ADDED from src\main\AndroidManifest.xml:225:13-49
	android:windowSoftInputMode
		ADDED from src\main\AndroidManifest.xml:227:13-52
	android:theme
		ADDED from src\main\AndroidManifest.xml:226:13-52
	android:name
		ADDED from src\main\AndroidManifest.xml:224:13-69
activity#com.fanxin.app.fx.UpdateNickActivity
ADDED from src\main\AndroidManifest.xml:229:9-234:20
	android:screenOrientation
		ADDED from src\main\AndroidManifest.xml:231:13-49
	android:windowSoftInputMode
		ADDED from src\main\AndroidManifest.xml:233:13-52
	android:theme
		ADDED from src\main\AndroidManifest.xml:232:13-52
	android:name
		ADDED from src\main\AndroidManifest.xml:230:13-64
activity#com.fanxin.app.fx.UpdateFxidActivity
ADDED from src\main\AndroidManifest.xml:235:9-240:20
	android:screenOrientation
		ADDED from src\main\AndroidManifest.xml:237:13-49
	android:windowSoftInputMode
		ADDED from src\main\AndroidManifest.xml:239:13-52
	android:theme
		ADDED from src\main\AndroidManifest.xml:238:13-52
	android:name
		ADDED from src\main\AndroidManifest.xml:236:13-64
activity#com.fanxin.app.fx.NewFriendsActivity
ADDED from src\main\AndroidManifest.xml:241:9-246:20
	android:screenOrientation
		ADDED from src\main\AndroidManifest.xml:243:13-49
	android:windowSoftInputMode
		ADDED from src\main\AndroidManifest.xml:245:13-52
	android:theme
		ADDED from src\main\AndroidManifest.xml:244:13-52
	android:name
		ADDED from src\main\AndroidManifest.xml:242:13-64
activity#com.fanxin.app.fx.CreatChatRoomActivity
ADDED from src\main\AndroidManifest.xml:247:9-252:20
	android:screenOrientation
		ADDED from src\main\AndroidManifest.xml:249:13-49
	android:windowSoftInputMode
		ADDED from src\main\AndroidManifest.xml:251:13-52
	android:theme
		ADDED from src\main\AndroidManifest.xml:250:13-52
	android:name
		ADDED from src\main\AndroidManifest.xml:248:13-67
activity#com.fanxin.app.fx.ChatRoomActivity
ADDED from src\main\AndroidManifest.xml:253:9-258:20
	android:screenOrientation
		ADDED from src\main\AndroidManifest.xml:255:13-49
	android:windowSoftInputMode
		ADDED from src\main\AndroidManifest.xml:257:13-52
	android:theme
		ADDED from src\main\AndroidManifest.xml:256:13-52
	android:name
		ADDED from src\main\AndroidManifest.xml:254:13-62
activity#com.fanxin.app.fx.SettingActivity
ADDED from src\main\AndroidManifest.xml:259:9-264:20
	android:screenOrientation
		ADDED from src\main\AndroidManifest.xml:261:13-49
	android:windowSoftInputMode
		ADDED from src\main\AndroidManifest.xml:263:13-52
	android:theme
		ADDED from src\main\AndroidManifest.xml:262:13-52
	android:name
		ADDED from src\main\AndroidManifest.xml:260:13-61
activity#com.fanxin.app.fx.LasterLoginUserActivity
ADDED from src\main\AndroidManifest.xml:265:9-270:20
	android:screenOrientation
		ADDED from src\main\AndroidManifest.xml:267:13-49
	android:windowSoftInputMode
		ADDED from src\main\AndroidManifest.xml:269:13-52
	android:theme
		ADDED from src\main\AndroidManifest.xml:268:13-52
	android:name
		ADDED from src\main\AndroidManifest.xml:266:13-69
activity#com.fanxin.app.activity.VideoCallActivity
ADDED from src\main\AndroidManifest.xml:271:9-276:20
	android:screenOrientation
		ADDED from src\main\AndroidManifest.xml:273:13-49
	android:windowSoftInputMode
		ADDED from src\main\AndroidManifest.xml:275:13-52
	android:theme
		ADDED from src\main\AndroidManifest.xml:274:13-52
	android:name
		ADDED from src\main\AndroidManifest.xml:272:13-69
activity#com.fanxin.app.fx.RecordsActivity
ADDED from src\main\AndroidManifest.xml:277:9-282:20
	android:screenOrientation
		ADDED from src\main\AndroidManifest.xml:279:13-49
	android:windowSoftInputMode
		ADDED from src\main\AndroidManifest.xml:281:13-52
	android:theme
		ADDED from src\main\AndroidManifest.xml:280:13-52
	android:name
		ADDED from src\main\AndroidManifest.xml:278:13-61
activity#com.fanxin.app.fx.WalletActivity
ADDED from src\main\AndroidManifest.xml:283:9-288:20
	android:screenOrientation
		ADDED from src\main\AndroidManifest.xml:285:13-49
	android:windowSoftInputMode
		ADDED from src\main\AndroidManifest.xml:287:13-52
	android:theme
		ADDED from src\main\AndroidManifest.xml:286:13-52
	android:name
		ADDED from src\main\AndroidManifest.xml:284:13-60
activity#com.fanxin.app.fx.PayActivity
ADDED from src\main\AndroidManifest.xml:289:9-294:20
	android:screenOrientation
		ADDED from src\main\AndroidManifest.xml:291:13-49
	android:windowSoftInputMode
		ADDED from src\main\AndroidManifest.xml:293:13-52
	android:theme
		ADDED from src\main\AndroidManifest.xml:292:13-52
	android:name
		ADDED from src\main\AndroidManifest.xml:290:13-57
activity#com.fanxin.app.fx.PayResultActivity
ADDED from src\main\AndroidManifest.xml:295:9-300:20
	android:screenOrientation
		ADDED from src\main\AndroidManifest.xml:297:13-49
	android:windowSoftInputMode
		ADDED from src\main\AndroidManifest.xml:299:13-52
	android:theme
		ADDED from src\main\AndroidManifest.xml:298:13-52
	android:name
		ADDED from src\main\AndroidManifest.xml:296:13-63
activity#com.fanxin.app.fx.PayDetailActivity
ADDED from src\main\AndroidManifest.xml:301:9-306:20
	android:screenOrientation
		ADDED from src\main\AndroidManifest.xml:303:13-49
	android:windowSoftInputMode
		ADDED from src\main\AndroidManifest.xml:305:13-52
	android:theme
		ADDED from src\main\AndroidManifest.xml:304:13-52
	android:name
		ADDED from src\main\AndroidManifest.xml:302:13-63
activity#com.fanxin.app.fx.MoneyActivity
ADDED from src\main\AndroidManifest.xml:307:9-312:20
	android:screenOrientation
		ADDED from src\main\AndroidManifest.xml:309:13-49
	android:windowSoftInputMode
		ADDED from src\main\AndroidManifest.xml:311:13-52
	android:theme
		ADDED from src\main\AndroidManifest.xml:310:13-52
	android:name
		ADDED from src\main\AndroidManifest.xml:308:13-59
activity#com.fanxin.app.fx.RecordsDetailActivity
ADDED from src\main\AndroidManifest.xml:313:9-318:20
	android:screenOrientation
		ADDED from src\main\AndroidManifest.xml:315:13-49
	android:windowSoftInputMode
		ADDED from src\main\AndroidManifest.xml:317:13-52
	android:theme
		ADDED from src\main\AndroidManifest.xml:316:13-52
	android:name
		ADDED from src\main\AndroidManifest.xml:314:13-67
activity#com.fanxin.app.fx.BankCardActivity
ADDED from src\main\AndroidManifest.xml:319:9-324:20
	android:screenOrientation
		ADDED from src\main\AndroidManifest.xml:321:13-49
	android:windowSoftInputMode
		ADDED from src\main\AndroidManifest.xml:323:13-52
	android:theme
		ADDED from src\main\AndroidManifest.xml:322:13-52
	android:name
		ADDED from src\main\AndroidManifest.xml:320:13-62
activity#com.fanxin.app.fx.AddCardActivity
ADDED from src\main\AndroidManifest.xml:325:9-330:20
	android:screenOrientation
		ADDED from src\main\AndroidManifest.xml:327:13-49
	android:windowSoftInputMode
		ADDED from src\main\AndroidManifest.xml:329:13-52
	android:theme
		ADDED from src\main\AndroidManifest.xml:328:13-52
	android:name
		ADDED from src\main\AndroidManifest.xml:326:13-61
activity#com.fanxin.app.fx.MoneyTradeActivity
ADDED from src\main\AndroidManifest.xml:331:9-336:20
	android:screenOrientation
		ADDED from src\main\AndroidManifest.xml:333:13-49
	android:windowSoftInputMode
		ADDED from src\main\AndroidManifest.xml:335:13-52
	android:theme
		ADDED from src\main\AndroidManifest.xml:334:13-52
	android:name
		ADDED from src\main\AndroidManifest.xml:332:13-64
activity#com.fanxin.app.fx.AlipayMeActivity
ADDED from src\main\AndroidManifest.xml:337:9-342:20
	android:screenOrientation
		ADDED from src\main\AndroidManifest.xml:339:13-49
	android:windowSoftInputMode
		ADDED from src\main\AndroidManifest.xml:341:13-52
	android:theme
		ADDED from src\main\AndroidManifest.xml:340:13-52
	android:name
		ADDED from src\main\AndroidManifest.xml:338:13-62
activity#com.fanxin.app.fx.AlipayMeListActivity
ADDED from src\main\AndroidManifest.xml:343:9-348:20
	android:screenOrientation
		ADDED from src\main\AndroidManifest.xml:345:13-49
	android:windowSoftInputMode
		ADDED from src\main\AndroidManifest.xml:347:13-52
	android:theme
		ADDED from src\main\AndroidManifest.xml:346:13-52
	android:name
		ADDED from src\main\AndroidManifest.xml:344:13-66
receiver#com.easemob.chat.StartServiceReceiver
ADDED from src\main\AndroidManifest.xml:350:9-357:20
	android:name
		ADDED from src\main\AndroidManifest.xml:350:19-71
intent-filter#android.intent.action.BOOT_COMPLETED+android.intent.action.QUICKBOOT_POWERON+android.intent.category.LAUNCHER
ADDED from src\main\AndroidManifest.xml:351:13-356:29
	android:priority
		ADDED from src\main\AndroidManifest.xml:351:28-51
action#android.intent.action.BOOT_COMPLETED
ADDED from src\main\AndroidManifest.xml:352:17-79
	android:name
		ADDED from src\main\AndroidManifest.xml:352:25-76
action#android.intent.action.QUICKBOOT_POWERON
ADDED from src\main\AndroidManifest.xml:353:17-82
	android:name
		ADDED from src\main\AndroidManifest.xml:353:25-79
meta-data#EASEMOB_APPKEY
ADDED from src\main\AndroidManifest.xml:360:9-362:48
	android:value
		ADDED from src\main\AndroidManifest.xml:362:13-45
	android:name
		ADDED from src\main\AndroidManifest.xml:361:13-42
service#com.easemob.chat.EMChatService
ADDED from src\main\AndroidManifest.xml:364:9-66
	android:name
		ADDED from src\main\AndroidManifest.xml:364:18-63
meta-data#UMENG_APPKEY
ADDED from src\main\AndroidManifest.xml:370:9-373:21
	android:value
		ADDED from src\main\AndroidManifest.xml:372:13-53
	android:name
		ADDED from src\main\AndroidManifest.xml:371:13-40
service#com.baidu.location.f
ADDED from src\main\AndroidManifest.xml:375:9-383:19
	android:enabled
		ADDED from src\main\AndroidManifest.xml:377:13-35
	android:process
		ADDED from src\main\AndroidManifest.xml:378:13-38
	android:name
		ADDED from src\main\AndroidManifest.xml:376:13-48
intent-filter#com.baidu.location.service_v2.2
ADDED from src\main\AndroidManifest.xml:379:13-382:29
action#com.baidu.location.service_v2.2
ADDED from src\main\AndroidManifest.xml:380:17-381:26
	android:name
		ADDED from src\main\AndroidManifest.xml:380:25-71
meta-data#com.baidu.lbsapi.API_KEY
ADDED from src\main\AndroidManifest.xml:386:9-388:56
	android:value
		ADDED from src\main\AndroidManifest.xml:388:13-53
	android:name
		ADDED from src\main\AndroidManifest.xml:387:13-52
activity#com.fanxin.app.InfoActivity
ADDED from src\main\AndroidManifest.xml:390:9-394:20
	android:screenOrientation
		ADDED from src\main\AndroidManifest.xml:392:13-49
	android:theme
		ADDED from src\main\AndroidManifest.xml:393:13-52
	android:name
		ADDED from src\main\AndroidManifest.xml:391:13-41
activity#com.fanxin.app.comments.SocialPublishActivity
ADDED from src\main\AndroidManifest.xml:395:9-399:20
	android:screenOrientation
		ADDED from src\main\AndroidManifest.xml:397:13-49
	android:theme
		ADDED from src\main\AndroidManifest.xml:398:13-52
	android:name
		ADDED from src\main\AndroidManifest.xml:396:13-59
activity#com.fanxin.app.comments.SocialMainActivity
ADDED from src\main\AndroidManifest.xml:400:9-404:20
	android:screenOrientation
		ADDED from src\main\AndroidManifest.xml:402:13-49
	android:theme
		ADDED from src\main\AndroidManifest.xml:403:13-52
	android:name
		ADDED from src\main\AndroidManifest.xml:401:13-56
activity#com.fanxin.app.comments.BigImageActivity
ADDED from src\main\AndroidManifest.xml:405:9-409:20
	android:screenOrientation
		ADDED from src\main\AndroidManifest.xml:407:13-49
	android:theme
		ADDED from src\main\AndroidManifest.xml:408:13-52
	android:name
		ADDED from src\main\AndroidManifest.xml:406:13-54
activity#com.fanxin.app.comments.MyWebViewActivity
ADDED from src\main\AndroidManifest.xml:410:9-414:20
	android:screenOrientation
		ADDED from src\main\AndroidManifest.xml:412:13-49
	android:theme
		ADDED from src\main\AndroidManifest.xml:413:13-52
	android:name
		ADDED from src\main\AndroidManifest.xml:411:13-55
activity#com.fanxin.app.comments.SocialFriendActivity
ADDED from src\main\AndroidManifest.xml:415:9-419:20
	android:screenOrientation
		ADDED from src\main\AndroidManifest.xml:417:13-49
	android:theme
		ADDED from src\main\AndroidManifest.xml:418:13-52
	android:name
		ADDED from src\main\AndroidManifest.xml:416:13-58
activity#com.fanxin.app.comments.SocialDetailActivity
ADDED from src\main\AndroidManifest.xml:420:9-424:20
	android:screenOrientation
		ADDED from src\main\AndroidManifest.xml:422:13-49
	android:theme
		ADDED from src\main\AndroidManifest.xml:423:13-52
	android:name
		ADDED from src\main\AndroidManifest.xml:421:13-58
activity#com.fanxin.app.comments.MyAlertDialog
ADDED from src\main\AndroidManifest.xml:425:9-437:20
	android:screenOrientation
		ADDED from src\main\AndroidManifest.xml:427:13-49
	android:theme
		ADDED from src\main\AndroidManifest.xml:428:13-49
	android:name
		ADDED from src\main\AndroidManifest.xml:426:13-51
intent-filter#android.intent.action.VIEW+android.intent.category.BROWSABLE+android.intent.category.DEFAULT
ADDED from src\main\AndroidManifest.xml:429:13-436:29
action#android.intent.action.VIEW
ADDED from src\main\AndroidManifest.xml:430:17-69
	android:name
		ADDED from src\main\AndroidManifest.xml:430:25-66
category#android.intent.category.DEFAULT
ADDED from src\main\AndroidManifest.xml:432:17-76
	android:name
		ADDED from src\main\AndroidManifest.xml:432:27-73
category#android.intent.category.BROWSABLE
ADDED from src\main\AndroidManifest.xml:433:17-78
	android:name
		ADDED from src\main\AndroidManifest.xml:433:27-75
data
ADDED from src\main\AndroidManifest.xml:435:17-60
	android:scheme
		ADDED from src\main\AndroidManifest.xml:435:23-57